<?xml version="1.0" encoding="UTF-8"?>
<!-- Generated by org.testng.reporters.JUnitXMLReporter -->
<testsuite ignored="0" hostname="DESKTOP-1A6SHU7" failures="1" tests="1" name="Test" time="17.782" errors="0" timestamp="2021-09-08T17:38:03 IST">
  <testcase classname="pack.test.cases.Task2" name="TC01_Carvana_Get_All_OfferDetails" time="10.732">
    <failure type="java.lang.NullPointerException" message="Cannot invoke &amp;quot;org.apache.poi.xssf.usermodel.XSSFWorkbook.getSheet(String)&amp;quot; because &amp;quot;excel.utils.ExcelReadPack.book[i]&amp;quot; is null">
      <![CDATA[java.lang.NullPointerException: Cannot invoke "org.apache.poi.xssf.usermodel.XSSFWorkbook.getSheet(String)" because "excel.utils.ExcelReadPack.book[i]" is null
at excel.utils.ExcelReadPack.sheetObjectReturn(ExcelReadPack.java:135)
at excel.utils.ExcelReadPack.testDataReaderInRow_CellRange(ExcelReadPack.java:147)
at specifics.SpecificType.getOfferDetails(SpecificType.java:349)
at StepsBase.StepBase.MainLooper(StepBase.java:202)
at StepsBase.StepBase.keyword(StepBase.java:63)
at pack.test.cases.Task2.TC01_Carvana_Get_All_OfferDetails(Task2.java:24)
at java.base/java.util.ArrayList.forEach(ArrayList.java:1511)
... Removed 27 stack frames]]>
    </failure>
  </testcase> <!-- TC01_Carvana_Get_All_OfferDetails -->
</testsuite> <!-- Test -->
