<?xml version="1.0" encoding="UTF-8"?>
<!-- Generated by org.testng.reporters.JUnitXMLReporter -->
<testsuite hostname="DESKTOP" name="Test" tests="1" failures="1" timestamp="8 Aug 2021 11:13:46 GMT" time="42.792" errors="0">
  <testcase name="CarScrapping" time="42.761" classname="basePackage.BaseClass">
    <failure type="java.lang.IncompatibleClassChangeError" message="Found interface org.apache.poi.util.POILogger, but class was expected">
      <![CDATA[java.lang.IncompatibleClassChangeError: Found interface org.apache.poi.util.POILogger, but class was expected
	at org.apache.poi.openxml4j.opc.OPCPackage.close(OPCPackage.java:460)
	at org.apache.poi.util.IOUtils.closeQuietly(IOUtils.java:494)
	at org.apache.poi.openxml4j.opc.OPCPackage.open(OPCPackage.java:333)
	at org.apache.poi.util.PackageHelper.open(PackageHelper.java:37)
	at org.apache.poi.xssf.usermodel.XSSFWorkbook.<init>(XSSFWorkbook.java:295)
	at basePackage.WriteExcel.writeExcel(WriteExcel.java:49)
	at basePackage.BaseClass.CarScrapping(BaseClass.java:64)
... Removed 25 stack frames]]>
    </failure>
  </testcase> <!-- CarScrapping -->
</testsuite> <!-- Test -->
