<?xml version="1.0" encoding="UTF-8"?>
<testng-results ignored="0" total="1" passed="1" failed="0" skipped="0">
  <reporter-output>
  </reporter-output>
  <suite started-at="2021-09-08T15:49:23 IST" name="Suite" finished-at="2021-09-08T15:50:10 IST" duration-ms="46969">
    <groups>
    </groups>
    <test started-at="2021-09-08T15:49:23 IST" name="Test" finished-at="2021-09-08T15:50:10 IST" duration-ms="46969">
      <class name="pack.test.cases.Task2">
        <test-method signature="TC01_Carvana_Get_All_OfferDetails(java.lang.String,java.lang.String)[pri:0, instance:pack.test.cases.Task2@4f80542f]" started-at="2021-09-08T15:49:24 IST" name="TC01_Carvana_Get_All_OfferDetails" finished-at="2021-09-08T15:50:07 IST" duration-ms="43281" status="PASS">
          <params>
            <param index="0">
              <value>
                <![CDATA[https://www.carvana.com/sell-my-car/]]>
              </value>
            </param>
            <param index="1">
              <value>
                <![CDATA[Chrome]]>
              </value>
            </param>
          </params>
          <reporter-output>
          </reporter-output>
        </test-method> <!-- TC01_Carvana_Get_All_OfferDetails -->
        <test-method is-config="true" signature="storeData()[pri:0, instance:pack.test.cases.Task2@4f80542f]" started-at="2021-09-08T15:50:08 IST" name="storeData" finished-at="2021-09-08T15:50:10 IST" duration-ms="2345" status="PASS">
          <reporter-output>
          </reporter-output>
        </test-method> <!-- storeData -->
      </class> <!-- pack.test.cases.Task2 -->
    </test> <!-- Test -->
  </suite> <!-- Suite -->
</testng-results>
